<?xml version="1.0" encoding="UTF-8"?>
<Site BuildName="(empty)"
	BuildStamp="20250811-0840-Experimental"
	Name="wfaff2-Legion-R9000P-ARX8"
	Generator="ctest-3.16.3"
	CompilerName="/usr/bin/g++"
	CompilerVersion="9.4.0"
	OSName="Linux"
	Hostname="wfaff2-Legion-R9000P-ARX8"
	OSRelease="5.15.0-139-generic"
	OSVersion="#149~20.04.1-Ubuntu SMP Wed Apr 16 08:29:56 UTC 2025"
	OSPlatform="x86_64"
	Is64Bits="1"
	VendorString="AuthenticAMD"
	VendorID="Advanced Micro Devices"
	FamilyID="25"
	ModelID="97"
	ProcessorCacheSize="1024"
	NumberOfLogicalCPU="32"
	NumberOfPhysicalCPU="16"
	TotalVirtualMemory="2047"
	TotalPhysicalMemory="31766"
	LogicalProcessorsPerPhysical="2"
	ProcessorClockFrequency="4901.39"
	>
	<Testing>
		<StartDateTime>Aug 11 17:04 CST</StartDateTime>
		<StartTestTime>1754903066</StartTestTime>
		<TestList/>
		<EndDateTime>Aug 11 17:04 CST</EndDateTime>
		<EndTestTime>1754903066</EndTestTime>
		<ElapsedMinutes>0</ElapsedMinutes>
	</Testing>
</Site>
